2026-06-28 23:52:39,222 | INFO | __main__ | Starting WonderCubs Studio v0.1
2026-06-28 23:52:57,551 | INFO | src.controllers.main_controller | Creating project  - 
2026-06-28 23:52:57,571 | ERROR | src.ui.app_window | Could not create project
Traceback (most recent call last):
  File "C:\Users\dell\Documents\WONDERCUBS AUTOMATIO\WonderCubsStudio\src\ui\app_window.py", line 98, in _create_project
    project = self._controller.create_project(
        video_number=self._entries["Video Number"].get(),
        title=self._entries["Video Title"].get(),
        lesson=self._entries["Lesson"].get(),
    )
  File "C:\Users\dell\Documents\WONDERCUBS AUTOMATIO\WonderCubsStudio\src\controllers\main_controller.py", line 27, in create_project
    return self._project_service.create_project(video_number, title, lesson)
           ~~~~~~~~~~~~~~~~~~~~~~~~~~~~~~~~~~~~^^^^^^^^^^^^^^^^^^^^^^^^^^^^^
  File "C:\Users\dell\Documents\WONDERCUBS AUTOMATIO\WonderCubsStudio\src\services\project_service.py", line 50, in create_project
    self._validate_project_data(clean_number, clean_title, clean_lesson)
    ~~~~~~~~~~~~~~~~~~~~~~~~~~~^^^^^^^^^^^^^^^^^^^^^^^^^^^^^^^^^^^^^^^^^
  File "C:\Users\dell\Documents\WONDERCUBS AUTOMATIO\WonderCubsStudio\src\services\project_service.py", line 124, in _validate_project_data
    raise ValueError("Video Number is required.")
ValueError: Video Number is required.
2026-06-28 23:53:43,098 | INFO | __main__ | WonderCubs Studio closed
2026-06-29 21:23:00,465 | INFO | __main__ | Starting WonderCubs Studio v0.1
2026-06-29 21:24:30,714 | INFO | src.controllers.main_controller | Creating project 004 - Leo learns ABC's
2026-06-29 21:24:44,288 | INFO | src.controllers.main_controller | Opening project folder: C:\Users\dell\Documents\WONDERCUBS AUTOMATIO\WonderCubsStudio\projects\004_Leo_learns_ABC_s
2026-06-29 21:37:14,068 | INFO | src.controllers.main_controller | Opening project folder: C:\Users\dell\Documents\WONDERCUBS AUTOMATIO\WonderCubsStudio\projects\004_Leo_learns_ABC_s
2026-06-29 22:48:34,309 | INFO | __main__ | WonderCubs Studio closed
